<?xml version="1.0" encoding="utf-8"?>
<coverage line-rate="0.8509" branch-rate="0.7109000000000001" version="1.9" timestamp="1785246468" lines-covered="1558" lines-valid="1831" branches-covered="637" branches-valid="896">
  <sources>
    <source>/Users/tr00d/supabase/sdk-csharp/postgrest-csharp/Postgrest/</source>
  </sources>
  <packages>
    <package name="Supabase.Postgrest" line-rate="0.8509" branch-rate="0.7109000000000001" complexity="1059">
      <classes>
        <class name="System.Runtime.CompilerServices.RuntimeHelpers" filename="IntRange.cs" line-rate="0" branch-rate="0" complexity="8">
          <methods>
            <method name="GetSubArray" signature="(T[],Supabase.Postgrest.IntRange)" line-rate="0" branch-rate="0" complexity="8">
              <lines>
                <line number="245" hits="0" branch="False" />
                <line number="246" hits="0" branch="True" condition-coverage="0% (0/2)">
                  <conditions>
                    <condition number="7" type="jump" coverage="0%" />
                  </conditions>
                </line>
                <line number="247" hits="0" branch="False" />
                <line number="248" hits="0" branch="False" />
                <line number="251" hits="0" branch="False" />
                <line number="253" hits="0" branch="True" condition-coverage="0% (0/4)">
                  <conditions>
                    <condition number="58" type="jump" coverage="0%" />
                    <condition number="86" type="jump" coverage="0%" />
                  </conditions>
                </line>
                <line number="254" hits="0" branch="False" />
                <line number="257" hits="0" branch="True" condition-coverage="0% (0/2)">
                  <conditions>
                    <condition number="97" type="jump" coverage="0%" />
                  </conditions>
                </line>
                <line number="258" hits="0" branch="False" />
                <line number="259" hits="0" branch="False" />
                <line number="262" hits="0" branch="False" />
                <line number="263" hits="0" branch="False" />
                <line number="264" hits="0" branch="False" />
                <line number="267" hits="0" branch="False" />
                <line number="269" hits="0" branch="False" />
                <line number="270" hits="0" branch="False" />
                <line number="271" hits="0" branch="False" />
                <line number="273" hits="0" branch="False" />
              </lines>
            </method>
          </methods>
          <lines>
            <line number="245" hits="0" branch="False" />
            <line number="246" hits="0" branch="True" condition-coverage="0% (0/2)">
              <conditions>
                <condition number="7" type="jump" coverage="0%" />
              </conditions>
            </line>
            <line number="247" hits="0" branch="False" />
            <line number="248" hits="0" branch="False" />
            <line number="251" hits="0" branch="False" />
            <line number="253" hits="0" branch="True" condition-coverage="0% (0/4)">
              <conditions>
                <condition number="58" type="jump" coverage="0%" />
                <condition number="86" type="jump" coverage="0%" />
              </conditions>
            </line>
            <line number="254" hits="0" branch="False" />
            <line number="257" hits="0" branch="True" condition-coverage="0% (0/2)">
              <conditions>
                <condition number="97" type="jump" coverage="0%" />
              </conditions>
            </line>
            <line number="258" hits="0" branch="False" />
            <line number="259" hits="0" branch="False" />
            <line number="262" hits="0" branch="False" />
            <line number="263" hits="0" branch="False" />
            <line number="264" hits="0" branch="False" />
            <line number="267" hits="0" branch="False" />
            <line number="269" hits="0" branch="False" />
            <line number="270" hits="0" branch="False" />
            <line number="271" hits="0" branch="False" />
            <line number="273" hits="0" branch="False" />
          </lines>
        </class>
        <class name="Supabase.Postgrest.Index" filename="IntRange.cs" line-rate="0.3846" branch-rate="0.1875" complexity="23">
          <methods>
            <method name="get_Start" signature="()" line-rate="0" branch-rate="1" complexity="1">
              <lines>
                <line number="48" hits="0" branch="False" />
              </lines>
            </method>
            <method name="get_End" signature="()" line-rate="0" branch-rate="1" complexity="1">
              <lines>
                <line number="51" hits="0" branch="False" />
              </lines>
            </method>
            <method name="FromStart" signature="(System.Int32)" line-rate="0.6666" branch-rate="0.5" complexity="2">
              <lines>
                <line number="57" hits="802" branch="False" />
                <line number="58" hits="802" branch="True" condition-coverage="50% (1/2)">
                  <conditions>
                    <condition number="7" type="jump" coverage="50%" />
                  </conditions>
                </line>
                <line number="59" hits="0" branch="False" />
                <line number="60" hits="0" branch="False" />
                <line number="63" hits="802" branch="False" />
                <line number="64" hits="802" branch="False" />
              </lines>
            </method>
            <method name="FromEnd" signature="(System.Int32)" line-rate="0" branch-rate="0" complexity="2">
              <lines>
                <line number="70" hits="0" branch="False" />
                <line number="71" hits="0" branch="True" condition-coverage="0% (0/2)">
                  <conditions>
                    <condition number="7" type="jump" coverage="0%" />
                  </conditions>
                </line>
                <line number="72" hits="0" branch="False" />
                <line number="73" hits="0" branch="False" />
                <line number="76" hits="0" branch="False" />
                <line number="77" hits="0" branch="False" />
              </lines>
            </method>
            <method name="get_Value" signature="()" line-rate="0.7142000000000001" branch-rate="0.5" complexity="2">
              <lines>
                <line number="83" hits="877" branch="False" />
                <line number="84" hits="877" branch="True" condition-coverage="50% (1/2)">
                  <conditions>
                    <condition number="12" type="jump" coverage="50%" />
                  </conditions>
                </line>
                <line number="85" hits="0" branch="False" />
                <line number="86" hits="0" branch="False" />
                <line number="89" hits="877" branch="False" />
                <line number="90" hits="877" branch="False" />
                <line number="92" hits="877" branch="False" />
              </lines>
            </method>
            <method name="get_IsFromEnd" signature="()" line-rate="1" branch-rate="1" complexity="1">
              <lines>
                <line number="96" hits="790" branch="False" />
              </lines>
            </method>
            <method name="GetOffset" signature="(System.Int32)" line-rate="0" branch-rate="0" complexity="2">
              <lines>
                <line number="108" hits="0" branch="False" />
                <line number="109" hits="0" branch="False" />
                <line number="110" hits="0" branch="True" condition-coverage="0% (0/2)">
                  <conditions>
                    <condition number="16" type="jump" coverage="0%" />
                  </conditions>
                </line>
                <line number="111" hits="0" branch="False" />
                <line number="116" hits="0" branch="False" />
                <line number="117" hits="0" branch="False" />
                <line number="118" hits="0" branch="False" />
                <line number="119" hits="0" branch="False" />
              </lines>
            </method>
            <method name="Equals" signature="(System.Object)" line-rate="0" branch-rate="0" complexity="2">
              <lines>
                <line number="123" hits="0" branch="True" condition-coverage="0% (0/2)">
                  <conditions>
                    <condition number="8" type="jump" coverage="0%" />
                  </conditions>
                </line>
              </lines>
            </method>
            <method name="Equals" signature="(Supabase.Postgrest.Index)" line-rate="1" branch-rate="1" complexity="1">
              <lines>
                <line number="127" hits="16" branch="False" />
              </lines>
            </method>
            <method name="GetHashCode" signature="()" line-rate="0" branch-rate="1" complexity="1">
              <lines>
                <line number="130" hits="0" branch="False" />
              </lines>
            </method>
            <method name="op_Implicit" signature="(System.Int32)" line-rate="1" branch-rate="1" complexity="1">
              <lines>
                <line number="133" hits="802" branch="False" />
              </lines>
            </method>
            <method name="ToString" signature="()" line-rate="0.8" branch-rate="0.5" complexity="2">
              <lines>
                <line number="137" hits="52" branch="False" />
                <line number="138" hits="52" branch="True" condition-coverage="50% (1/2)">
                  <conditions>
                    <condition number="9" type="jump" coverage="50%" />
                  </conditions>
                </line>
                <line number="139" hits="0" branch="False" />
                <line number="141" hits="52" branch="False" />
                <line number="142" hits="52" branch="False" />
              </lines>
            </method>
            <method name=".ctor" signature="(System.Int32,System.Boolean)" line-rate="0" branch-rate="0" complexity="4">
              <lines>
                <line number="28" hits="0" branch="False" />
                <line number="29" hits="0" branch="False" />
                <line number="30" hits="0" branch="True" condition-coverage="0% (0/2)">
                  <conditions>
                    <condition number="14" type="jump" coverage="0%" />
                  </conditions>
                </line>
                <line number="31" hits="0" branch="False" />
                <line number="32" hits="0" branch="False" />
                <line number="35" hits="0" branch="True" condition-coverage="0% (0/2)">
                  <conditions>
                    <condition number="36" type="jump" coverage="0%" />
                  </conditions>
                </line>
                <line number="36" hits="0" branch="False" />
                <line number="38" hits="0" branch="False" />
                <line number="39" hits="0" branch="False" />
              </lines>
            </method>
            <method name=".ctor" signature="(System.Int32)" line-rate="1" branch-rate="1" complexity="1">
              <lines>
                <line number="42" hits="802" branch="False" />
                <line number="43" hits="802" branch="False" />
                <line number="44" hits="802" branch="False" />
                <line number="45" hits="802" branch="False" />
              </lines>
            </method>
          </methods>
          <lines>
            <line number="48" hits="0" branch="False" />
            <line number="51" hits="0" branch="False" />
            <line number="57" hits="802" branch="False" />
            <line number="58" hits="802" branch="True" condition-coverage="50% (1/2)">
              <conditions>
                <condition number="7" type="jump" coverage="50%" />
              </conditions>
            </line>
            <line number="59" hits="0" branch="False" />
            <line number="60" hits="0" branch="False" />
            <line number="63" hits="802" branch="False" />
            <line number="64" hits="802" branch="False" />
            <line number="70" hits="0" branch="False" />
            <line number="71" hits="0" branch="True" condition-coverage="0% (0/2)">
              <conditions>
                <condition number="7" type="jump" coverage="0%" />
              </conditions>
            </line>
            <line number="72" hits="0" branch="False" />
            <line number="73" hits="0" branch="False" />
            <line number="76" hits="0" branch="False" />
            <line number="77" hits="0" branch="False" />
            <line number="83" hits="877" branch="False" />
            <line number="84" hits="877" branch="True" condition-coverage="50% (1/2)">
              <conditions>
                <condition number="12" type="jump" coverage="50%" />
              </conditions>
            </line>
            <line number="85" hits="0" branch="False" />
            <line number="86" hits="0" branch="False" />
            <line number="89" hits="877" branch="False" />
            <line number="90" hits="877" branch="False" />
            <line number="92" hits="877" branch="False" />
            <line number="96" hits="790" branch="False" />
            <line number="108" hits="0" branch="False" />
            <line number="109" hits="0" branch="False" />
            <line number="110" hits="0" branch="True" condition-coverage="0% (0/2)">
              <conditions>
                <condition number="16" type="jump" coverage="0%" />
              </conditions>
            </line>
            <line number="111" hits="0" branch="False" />
            <line number="116" hits="0" branch="False" />
            <line number="117" hits="0" branch="False" />
            <line number="118" hits="0" branch="False" />
            <line number="119" hits="0" branch="False" />
            <line number="123" hits="0" branch="True" condition-coverage="0% (0/2)">
              <conditions>
                <condition number="8" type="jump" coverage="0%" />
              </conditions>
            </line>
            <line number="127" hits="16" branch="False" />
            <line number="130" hits="0" branch="False" />
            <line number="133" hits="802" branch="False" />
            <line number="137" hits="52" branch="False" />
            <line number="138" hits="52" branch="True" condition-coverage="50% (1/2)">
              <conditions>
                <condition number="9" type="jump" coverage="50%" />
              </conditions>
            </line>
            <line number="139" hits="0" branch="False" />
            <line number="141" hits="52" branch="False" />
            <line number="142" hits="52" branch="False" />
            <line number="28" hits="0" branch="False" />
            <line number="29" hits="0" branch="False" />
            <line number="30" hits="0" branch="True" condition-coverage="0% (0/2)">
              <conditions>
                <condition number="14" type="jump" coverage="0%" />
              </conditions>
            </line>
            <line number="31" hits="0" branch="False" />
            <line number="32" hits="0" branch="False" />
            <line number="35" hits="0" branch="True" condition-coverage="0% (0/2)">
              <conditions>
                <condition number="36" type="jump" coverage="0%" />
              </conditions>
            </line>
            <line number="36" hits="0" branch="False" />
            <line number="38" hits="0" branch="False" />
            <line number="39" hits="0" branch="False" />
            <line number="42" hits="802" branch="False" />
            <line number="43" hits="802" branch="False" />
            <line number="44" hits="802" branch="False" />
            <line number="45" hits="802" branch="False" />
          </lines>
        </class>
        <class name="Supabase.Postgrest.IntRange" filename="IntRange.cs" line-rate="0.3235" branch-rate="0.1666" complexity="25">
          <methods>
            <method name="get_Start" signature="()" line-rate="1" branch-rate="1" complexity="1">
              <lines>
                <line number="157" hits="463" branch="False" />
              </lines>
            </method>
            <method name="get_End" signature="()" line-rate="1" branch-rate="1" complexity="1">
              <lines>
                <line number="160" hits="438" branch="False" />
              </lines>
            </method>
            <method name="Equals" signature="(System.Object)" line-rate="1" branch-rate="0.5" complexity="4">
              <lines>
                <line number="174" hits="738" branch="True" condition-coverage="50% (2/4)">
                  <conditions>
                    <condition number="8" type="jump" coverage="50%" />
                    <condition number="27" type="jump" coverage="50%" />
                  </conditions>
                </line>
                <line number="175" hits="738" branch="False" />
                <line number="176" hits="738" branch="False" />
              </lines>
            </method>
            <method name="Equals" signature="(Supabase.Postgrest.IntRange)" line-rate="1" branch-rate="0.5" complexity="2">
              <lines>
                <line number="180" hits="3" branch="True" condition-coverage="50% (1/2)">
                  <conditions>
                    <condition number="17" type="jump" coverage="50%" />
                  </conditions>
                </line>
              </lines>
            </method>
            <method name="GetHashCode" signature="()" line-rate="0" branch-rate="1" complexity="1">
              <lines>
                <line number="184" hits="0" branch="False" />
                <line number="185" hits="0" branch="False" />
                <line number="186" hits="0" branch="False" />
              </lines>
            </method>
            <method name="ToString" signature="()" line-rate="0" branch-rate="0" complexity="4">
              <lines>
                <line number="190" hits="0" branch="False" />
                <line number="191" hits="0" branch="True" condition-coverage="0% (0/4)">
                  <conditions>
                    <condition number="8" type="jump" coverage="0%" />
                    <condition number="31" type="jump" coverage="0%" />
                  </conditions>
                </line>
                <line number="192" hits="0" branch="False" />
              </lines>
            </method>
            <method name="StartAt" signature="(Supabase.Postgrest.Index)" line-rate="0" branch-rate="1" complexity="1">
              <lines>
                <line number="195" hits="0" branch="False" />
              </lines>
            </method>
            <method name="EndAt" signature="(Supabase.Postgrest.Index)" line-rate="0" branch-rate="1" complexity="1">
              <lines>
                <line number="198" hits="0" branch="False" />
              </lines>
            </method>
            <method name="get_All" signature="()" line-rate="0" branch-rate="1" complexity="1">
              <lines>
                <line number="201" hits="0" branch="False" />
              </lines>
            </method>
            <method name="GetOffsetAndLength" signature="(System.Int32)" line-rate="0" branch-rate="0" complexity="8">
              <lines>
                <line number="212" hits="0" branch="False" />
                <line number="214" hits="0" branch="False" />
                <line number="215" hits="0" branch="True" condition-coverage="0% (0/2)">
                  <conditions>
                    <condition number="18" type="jump" coverage="0%" />
                  </conditions>
                </line>
                <line number="216" hits="0" branch="False" />
                <line number="218" hits="0" branch="False" />
                <line number="221" hits="0" branch="False" />
                <line number="222" hits="0" branch="True" condition-coverage="0% (0/2)">
                  <conditions>
                    <condition number="55" type="jump" coverage="0%" />
                  </conditions>
                </line>
                <line number="223" hits="0" branch="False" />
                <line number="225" hits="0" branch="False" />
                <line number="227" hits="0" branch="True" condition-coverage="0% (0/4)">
                  <conditions>
                    <condition number="77" type="jump" coverage="0%" />
                    <condition number="90" type="jump" coverage="0%" />
                  </conditions>
                </line>
                <line number="228" hits="0" branch="False" />
                <line number="229" hits="0" branch="False" />
                <line number="232" hits="0" branch="False" />
                <line number="233" hits="0" branch="False" />
              </lines>
            </method>
            <method name=".ctor" signature="(Supabase.Postgrest.Index,Supabase.Postgrest.Index)" line-rate="1" branch-rate="1" complexity="1">
              <lines>
                <line number="165" hits="397" branch="False" />
                <line number="166" hits="397" branch="False" />
                <line number="167" hits="397" branch="False" />
                <line number="168" hits="397" branch="False" />
                <line number="169" hits="397" branch="False" />
              </lines>
            </method>
          </methods>
          <lines>
            <line number="157" hits="463" branch="False" />
            <line number="160" hits="438" branch="False" />
            <line number="174" hits="738" branch="True" condition-coverage="50% (2/4)">
              <conditions>
                <condition number="8" type="jump" coverage="50%" />
                <condition number="27" type="jump" coverage="50%" />
              </conditions>
            </line>
            <line number="175" hits="738" branch="False" />
            <line number="176" hits="738" branch="False" />
            <line number="180" hits="3" branch="True" condition-coverage="50% (1/2)">
              <conditions>
                <condition number="17" type="jump" coverage="50%" />
              </conditions>
            </line>
            <line number="184" hits="0" branch="False" />
            <line number="185" hits="0" branch="False" />
            <line number="186" hits="0" branch="False" />
            <line number="190" hits="0" branch="False" />
            <line number="191" hits="0" branch="True" condition-coverage="0% (0/4)">
              <conditions>
                <condition number="8" type="jump" coverage="0%" />
                <condition number="31" type="jump" coverage="0%" />
              </conditions>
            </line>
            <line number="192" hits="0" branch="False" />
            <line number="195" hits="0" branch="False" />
            <line number="198" hits="0" branch="False" />
            <line number="201" hits="0" branch="False" />
            <line number="212" hits="0" branch="False" />
            <line number="214" hits="0" branch="False" />
            <line number="215" hits="0" branch="True" condition-coverage="0% (0/2)">
              <conditions>
                <condition number="18" type="jump" coverage="0%" />
              </conditions>
            </line>
            <line number="216" hits="0" branch="False" />
            <line number="218" hits="0" branch="False" />
            <line number="221" hits="0" branch="False" />
            <line number="222" hits="0" branch="True" condition-coverage="0% (0/2)">
              <conditions>
                <condition number="55" type="jump" coverage="0%" />
              </conditions>
            </line>
            <line number="223" hits="0" branch="False" />
            <line number="225" hits="0" branch="False" />
            <line number="227" hits="0" branch="True" condition-coverage="0% (0/4)">
              <conditions>
                <condition number="77" type="jump" coverage="0%" />
                <condition number="90" type="jump" coverage="0%" />
              </conditions>
            </line>
            <line number="228" hits="0" branch="False" />
            <line number="229" hits="0" branch="False" />
            <line number="232" hits="0" branch="False" />
            <line number="233" hits="0" branch="False" />
            <line number="165" hits="397" branch="False" />
            <line number="166" hits="397" branch="False" />
            <line number="167" hits="397" branch="False" />
            <line number="168" hits="397" branch="False" />
            <line number="169" hits="397" branch="False" />
          </lines>
        </class>
        <class name="Supabase.Postgrest.Client" filename="Client.cs" line-rate="0.9354" branch-rate="0.8" complexity="22">
          <methods>
            <method name="SerializerSettings" signature="(Supabase.Postgrest.ClientOptions)" line-rate="1" branch-rate="1" complexity="4">
              <lines>
                <line number="24" hits="245" branch="False" />
                <line number="25" hits="245" branch="True" condition-coverage="100% (2/2)">
                  <conditions>
                    <condition number="2" type="jump" coverage="100%" />
                  </conditions>
                </line>
                <line number="27" hits="245" branch="False" />
                <line number="28" hits="245" branch="False" />
                <line number="29" hits="245" branch="False" />
                <line number="30" hits="245" branch="False" />
                <line number="31" hits="245" branch="False" />
                <line number="32" hits="245" branch="False" />
                <line number="33" hits="245" branch="False" />
                <line number="34" hits="245" branch="False" />
                <line number="35" hits="245" branch="False" />
                <line number="36" hits="245" branch="False" />
                <line number="37" hits="245" branch="False" />
                <line number="38" hits="245" branch="False" />
                <line number="41" hits="245" branch="True" condition-coverage="100% (2/2)">
                  <conditions>
                    <condition number="79" type="jump" coverage="100%" />
                  </conditions>
                </line>
                <line number="42" hits="2" branch="False" />
                <line number="44" hits="245" branch="False" />
                <line number="45" hits="245" branch="False" />
              </lines>
            </method>
            <method name="get_BaseUrl" signature="()" line-rate="1" branch-rate="1" complexity="1">
              <lines>
                <line number="48" hits="238" branch="False" />
              </lines>
            </method>
            <method name="get_Options" signature="()" line-rate="1" branch-rate="1" complexity="1">
              <lines>
                <line number="51" hits="474" branch="False" />
              </lines>
            </method>
            <method name="AddRequestPreparedHandler" signature="(Supabase.Postgrest.OnRequestPreparedEventHandler)" line-rate="1" branch-rate="1" complexity="1">
              <lines>
                <line number="55" hits="2" branch="False" />
              </lines>
            </method>
            <method name="RemoveRequestPreparedHandler" signature="(Supabase.Postgrest.OnRequestPreparedEventHandler)" line-rate="0" branch-rate="1" complexity="1">
              <lines>
                <line number="59" hits="0" branch="False" />
              </lines>
            </method>
            <method name="ClearRequestPreparedHandlers" signature="()" line-rate="1" branch-rate="1" complexity="1">
              <lines>
                <line number="63" hits="1" branch="False" />
              </lines>
            </method>
            <method name="AddDebugHandler" signature="(Supabase.Postgrest.Interfaces.IPostgrestDebugger/DebugEventHandler)" line-rate="1" branch-rate="1" complexity="1">
              <lines>
                <line number="68" hits="1" branch="False" />
              </lines>
            </method>
            <method name="RemoveDebugHandler" signature="(Supabase.Postgrest.Interfaces.IPostgrestDebugger/DebugEventHandler)" line-rate="0" branch-rate="1" complexity="1">
              <lines>
                <line number="73" hits="0" branch="False" />
              </lines>
            </method>
            <method name="ClearDebugHandlers" signature="()" line-rate="0" branch-rate="1" complexity="1">
              <lines>
                <line number="77" hits="0" branch="False" />
              </lines>
            </method>
            <method name="get_GetHeaders" signature="()" line-rate="1" branch-rate="1" complexity="1">
              <lines>
                <line number="84" hits="247" branch="False" />
              </lines>
            </method>
            <method name="Table" signature="()" line-rate="1" branch-rate="1" complexity="1">
              <lines>
                <line number="101" hits="229" branch="False" />
                <line number="102" hits="229" branch="False" />
                <line number="103" hits="229" branch="False" />
                <line number="104" hits="229" branch="False" />
              </lines>
            </method>
            <method name="Table" signature="(Supabase.Postgrest.Interfaces.IPostgrestCacheProvider)" line-rate="1" branch-rate="1" complexity="1">
              <lines>
                <line number="109" hits="2" branch="False" />
                <line number="110" hits="2" branch="False" />
                <line number="111" hits="2" branch="False" />
                <line number="112" hits="2" branch="False" />
              </lines>
            </method>
            <method name="Attach" signature="(T)" line-rate="1" branch-rate="1" complexity="1">
              <lines>
                <line number="116" hits="4" branch="False" />
                <line number="117" hits="4" branch="False" />
                <line number="118" hits="4" branch="False" />
                <line number="119" hits="4" branch="False" />
                <line number="120" hits="4" branch="False" />
                <line number="121" hits="4" branch="False" />
              </lines>
            </method>
            <method name="Rpc" signature="(System.String,System.Object)" line-rate="0.9375" branch-rate="0.5" complexity="4">
              <lines>
                <line number="134" hits="2" branch="False" />
                <line number="136" hits="2" branch="False" />
                <line number="138" hits="2" branch="False" />
                <line number="140" hits="2" branch="False" />
                <line number="143" hits="2" branch="False" />
                <line number="144" hits="2" branch="True" condition-coverage="50% (1/2)">
                  <conditions>
                    <condition number="58" type="jump" coverage="50%" />
                  </conditions>
                </line>
                <line number="145" hits="2" branch="False" />
                <line number="146" hits="2" branch="False" />
                <line number="149" hits="2" branch="False" />
                <line number="150" hits="2" branch="False" />
                <line number="152" hits="2" branch="True" condition-coverage="50% (1/2)">
                  <conditions>
                    <condition number="130" type="jump" coverage="50%" />
                  </conditions>
                </line>
                <line number="153" hits="0" branch="False" />
                <line number="156" hits="2" branch="False" />
                <line number="157" hits="2" branch="False" />
                <line number="158" hits="2" branch="False" />
                <line number="159" hits="2" branch="False" />
              </lines>
            </method>
            <method name=".ctor" signature="(System.String,Supabase.Postgrest.ClientOptions)" line-rate="1" branch-rate="1" complexity="2">
              <lines>
                <line number="92" hits="121" branch="False" />
                <line number="93" hits="121" branch="False" />
                <line number="94" hits="121" branch="False" />
                <line number="95" hits="121" branch="True" condition-coverage="100% (2/2)">
                  <conditions>
                    <condition number="18" type="jump" coverage="100%" />
                  </conditions>
                </line>
                <line number="96" hits="121" branch="False" />
              </lines>
            </method>
          </methods>
          <lines>
            <line number="24" hits="245" branch="False" />
            <line number="25" hits="245" branch="True" condition-coverage="100% (2/2)">
              <conditions>
                <condition number="2" type="jump" coverage="100%" />
              </conditions>
            </line>
            <line number="27" hits="245" branch="False" />
            <line number="28" hits="245" branch="False" />
            <line number="29" hits="245" branch="False" />
            <line number="30" hits="245" branch="False" />
            <line number="31" hits="245" branch="False" />
            <line number="32" hits="245" branch="False" />
            <line number="33" hits="245" branch="False" />
            <line number="34" hits="245" branch="False" />
            <line number="35" hits="245" branch="False" />
            <line number="36" hits="245" branch="False" />
            <line number="37" hits="245" branch="False" />
            <line number="38" hits="245" branch="False" />
            <line number="41" hits="245" branch="True" condition-coverage="100% (2/2)">
              <conditions>
                <condition number="79" type="jump" coverage="100%" />
              </conditions>
            </line>
            <line number="42" hits="2" branch="False" />
            <line number="44" hits="245" branch="False" />
            <line number="45" hits="245" branch="False" />
            <line number="48" hits="238" branch="False" />
            <line number="51" hits="474" branch="False" />
            <line number="55" hits="2" branch="False" />
            <line number="59" hits="0" branch="False" />
            <line number="63" hits="1" branch="False" />
            <line number="68" hits="1" branch="False" />
            <line number="73" hits="0" branch="False" />
            <line number="77" hits="0" branch="False" />
            <line number="84" hits="247" branch="False" />
            <line number="101" hits="229" branch="False" />
            <line number="102" hits="229" branch="False" />
            <line number="103" hits="229" branch="False" />
            <line number="104" hits="229" branch="False" />
            <line number="109" hits="2" branch="False" />
            <line number="110" hits="2" branch="False" />
            <line number="111" hits="2" branch="False" />
            <line number="112" hits="2" branch="False" />
            <line number="116" hits="4" branch="False" />
            <line number="117" hits="4" branch="False" />
            <line number="118" hits="4" branch="False" />
            <line number="119" hits="4" branch="False" />
            <line number="120" hits="4" branch="False" />
            <line number="121" hits="4" branch="False" />
            <line number="134" hits="2" branch="False" />
            <line number="136" hits="2" branch="False" />
            <line number="138" hits="2" branch="False" />
            <line number="140" hits="2" branch="False" />
            <line number="143" hits="2" branch="False" />
            <line number="144" hits="2" branch="True" condition-coverage="50% (1/2)">
              <conditions>
                <condition number="58" type="jump" coverage="50%" />
              </conditions>
            </line>
            <line number="145" hits="2" branch="False" />
            <line number="146" hits="2" branch="False" />
            <line number="149" hits="2" branch="False" />
            <line number="150" hits="2" branch="False" />
            <line number="152" hits="2" branch="True" condition-coverage="50% (1/2)">
              <conditions>
                <condition number="130" type="jump" coverage="50%" />
              </conditions>
            </line>
            <line number="153" hits="0" branch="False" />
            <line number="156" hits="2" branch="False" />
            <line number="157" hits="2" branch="False" />
            <line number="158" hits="2" branch="False" />
            <line number="159" hits="2" branch="False" />
            <line number="92" hits="121" branch="False" />
            <line number="93" hits="121" branch="False" />
            <line number="94" hits="121" branch="False" />
            <line number="95" hits="121" branch="True" condition-coverage="100% (2/2)">
              <conditions>
                <condition number="18" type="jump" coverage="100%" />
              </conditions>
            </line>
            <line number="96" hits="121" branch="False" />
          </lines>
        </class>
        <class name="Supabase.Postgrest.Client/&lt;Rpc&gt;d__21`1" filename="Client.cs" line-rate="0" branch-rate="0" complexity="2">
          <methods>
            <method name="MoveNext" signature="()" line-rate="0" branch-rate="0" complexity="2">
              <lines>
                <line number="126" hits="0" branch="False" />
                <line number="127" hits="0" branch="False" />
                <line number="129" hits="0" branch="True" condition-coverage="0% (0/2)">
                  <conditions>
                    <condition number="168" type="jump" coverage="0%" />
                  </conditions>
                </line>
                <line number="130" hits="0" branch="False" />
              </lines>
            </method>
          </methods>
          <lines>
            <line number="126" hits="0" branch="False" />
            <line number="127" hits="0" branch="False" />
            <line number="129" hits="0" branch="True" condition-coverage="0% (0/2)">
              <conditions>
                <condition number="168" type="jump" coverage="0%" />
              </conditions>
            </line>
            <line number="130" hits="0" branch="False" />
          </lines>
        </class>
        <class name="Supabase.Postgrest.ClientOptions" filename="ClientOptions.cs" line-rate="1" branch-rate="1" complexity="5">
          <methods>
            <method name="get_Schema" signature="()" line-rate="1" branch-rate="1" complexity="1">
              <lines>
                <line number="12" hits="478" branch="False" />
              </lines>
            </method>
            <method name="get_SerializeEnumsAsStrings" signature="()" line-rate="1" branch-rate="1" complexity="1">
              <lines>
                <line number="25" hits="249" branch="False" />
              </lines>
            </method>
            <method name="get_Headers" signature="()" line-rate="1" branch-rate="1" complexity="1">
              <lines>
                <line number="27" hits="494" branch="False" />
              </lines>
            </method>
            <method name="get_QueryParams" signature="()" line-rate="1" branch-rate="1" complexity="1">
              <lines>
                <line number="29" hits="318" branch="False" />
              </lines>
            </method>
            <method name=".ctor" signature="()" line-rate="1" branch-rate="1" complexity="1">
              <lines>
                <line number="14" hits="127" branch="False" />
              </lines>
            </method>
          </methods>
          <lines>
            <line number="12" hits="478" branch="False" />
            <line number="25" hits="249" branch="False" />
            <line number="27" hits="494" branch="False" />
            <line number="29" hits="318" branch="False" />
            <line number="14" hits="127" branch="False" />
          </lines>
        </class>
        <class name="Supabase.Postgrest.Debugger" filename="Debugger.cs" line-rate="0.7619" branch-rate="0.625" complexity="11">
          <methods>
            <method name="get__instance" signature="()" line-rate="1" branch-rate="1" complexity="1">
              <lines>
                <line number="13" hits="1119" branch="False" />
              </lines>
            </method>
            <method name="get_Instance" signature="()" line-rate="1" branch-rate="1" complexity="2">
              <lines>
                <line number="21" hits="559" branch="False" />
                <line number="22" hits="559" branch="True" condition-coverage="100% (2/2)">
                  <conditions>
                    <condition number="6" type="jump" coverage="100%" />
                  </conditions>
                </line>
                <line number="23" hits="559" branch="False" />
                <line number="24" hits="559" branch="False" />
              </lines>
            </method>
            <method name="AddDebugHandler" signature="(Supabase.Postgrest.Interfaces.IPostgrestDebugger/DebugEventHandler)" line-rate="1" branch-rate="0.5" complexity="2">
              <lines>
                <line number="37" hits="1" branch="False" />
                <line number="38" hits="1" branch="True" condition-coverage="50% (1/2)">
                  <conditions>
                    <condition number="18" type="jump" coverage="50%" />
                  </conditions>
                </line>
                <line number="39" hits="1" branch="False" />
                <line number="40" hits="1" branch="False" />
              </lines>
            </method>
            <method name="RemoveDebugHandler" signature="(Supabase.Postgrest.Interfaces.IPostgrestDebugger/DebugEventHandler)" line-rate="0" branch-rate="0" complexity="2">
              <lines>
                <line number="47" hits="0" branch="False" />
                <line number="48" hits="0" branch="True" condition-coverage="0% (0/2)">
                  <conditions>
                    <condition number="15" type="jump" coverage="0%" />
                  </conditions>
                </line>
                <line number="49" hits="0" branch="False" />
                <line number="50" hits="0" branch="False" />
              </lines>
            </method>
            <method name="ClearDebugHandlers" signature="()" line-rate="0" branch-rate="1" complexity="1">
              <lines>
                <line number="56" hits="0" branch="False" />
              </lines>
            </method>
            <method name="Log" signature="(System.Object,System.String,Supabase.Postgrest.Exceptions.PostgrestException)" line-rate="1" branch-rate="1" complexity="2">
              <lines>
                <line number="65" hits="558" branch="False" />
                <line number="66" hits="2122" branch="True" condition-coverage="100% (2/2)">
                  <conditions>
                    <condition number="40" type="jump" coverage="100%" />
                  </conditions>
                </line>
                <line number="67" hits="224" branch="False" />
                <line number="68" hits="558" branch="False" />
              </lines>
            </method>
            <method name=".ctor" signature="()" line-rate="1" branch-rate="1" complexity="1">
              <lines>
                <line number="27" hits="1" branch="False" />
                <line number="28" hits="2" branch="False" />
                <line number="30" hits="1" branch="False" />
              </lines>
            </method>
          </methods>
          <lines>
            <line number="13" hits="1119" branch="False" />
            <line number="21" hits="559" branch="False" />
            <line number="22" hits="559" branch="True" condition-coverage="100% (2/2)">
              <conditions>
                <condition number="6" type="jump" coverage="100%" />
              </conditions>
            </line>
            <line number="23" hits="559" branch="False" />
            <line number="24" hits="559" branch="False" />
            <line number="37" hits="1" branch="False" />
            <line number="38" hits="1" branch="True" condition-coverage="50% (1/2)">
              <conditions>
                <condition number="18" type="jump" coverage="50%" />
              </conditions>
            </line>
            <line number="39" hits="1" branch="False" />
            <line number="40" hits="1" branch="False" />
            <line number="47" hits="0" branch="False" />
            <line number="48" hits="0" branch="True" condition-coverage="0% (0/2)">
              <conditions>
                <condition number="15" type="jump" coverage="0%" />
              </conditions>
            </line>
            <line number="49" hits="0" branch="False" />
            <line number="50" hits="0" branch="False" />
            <line number="56" hits="0" branch="False" />
            <line number="65" hits="558" branch="False" />
            <line number="66" hits="2122" branch="True" condition-coverage="100% (2/2)">
              <conditions>
                <condition number="40" type="jump" coverage="100%" />
              </conditions>
            </line>
            <line number="67" hits="224" branch="False" />
            <line number="68" hits="558" branch="False" />
            <line number="27" hits="1" branch="False" />
            <line number="28" hits="2" branch="False" />
            <line number="30" hits="1" branch="False" />
          </lines>
        </class>
        <class name="Supabase.Postgrest.Helpers" filename="Helpers.cs" line-rate="0.8518000000000001" branch-rate="0.7857" complexity="15">
          <methods>
            <method name="PrepareRequestHeaders" signature="(System.Net.Http.HttpMethod,System.Collections.Generic.Dictionary`2&lt;System.String,System.String&gt;,Supabase.Postgrest.ClientOptions,System.Int32,System.Int32)" line-rate="0.84" branch-rate="0.7857" complexity="14">
              <lines>
                <line number="150" hits="174" branch="False" />
                <line number="151" hits="174" branch="True" condition-coverage="100% (2/2)">
                  <conditions>
                    <condition number="2" type="jump" coverage="100%" />
                  </conditions>
                </line>
                <line number="153" hits="174" branch="True" condition-coverage="50% (1/2)">
                  <conditions>
                    <condition number="12" type="jump" coverage="50%" />
                  </conditions>
                </line>
                <line number="155" hits="174" branch="True" condition-coverage="50% (1/2)">
                  <conditions>
                    <condition number="66" type="jump" coverage="50%" />
                  </conditions>
                </line>
                <line number="156" hits="174" branch="False" />
                <line number="157" hits="174" branch="True" condition-coverage="100% (2/2)">
                  <conditions>
                    <condition number="81" type="jump" coverage="100%" />
                  </conditions>
                </line>
                <line number="158" hits="174" branch="False" />
                <line number="160" hits="174" branch="True" condition-coverage="100% (2/2)">
                  <conditions>
                    <condition number="121" type="jump" coverage="100%" />
                  </conditions>
                </line>
                <line number="161" hits="2" branch="False" />
                <line number="162" hits="2" branch="True" condition-coverage="100% (2/2)">
                  <conditions>
                    <condition number="131" type="jump" coverage="100%" />
                  </conditions>
                </line>
                <line number="164" hits="2" branch="False" />
                <line number="165" hits="2" branch="False" />
                <line number="166" hits="2" branch="False" />
                <line number="168" hits="174" branch="True" condition-coverage="50% (1/2)">
                  <conditions>
                    <condition number="207" type="jump" coverage="50%" />
                  </conditions>
                </line>
                <line number="169" hits="174" branch="False" />
                <line number="171" hits="174" branch="False" />
                <line number="174" hits="174" branch="False" />
                <line number="175" hits="174" branch="False" />
                <line number="176" hits="0" branch="False" />
                <line number="177" hits="0" branch="False" />
                <line number="180" hits="0" branch="False" />
                <line number="181" hits="0" branch="False" />
                <line number="182" hits="174" branch="False" />
                <line number="184" hits="174" branch="False" />
                <line number="185" hits="174" branch="False" />
              </lines>
            </method>
            <method name=".cctor" signature="()" line-rate="1" branch-rate="1" complexity="1">
              <lines>
                <line number="26" hits="1" branch="False" />
                <line number="28" hits="1" branch="False" />
              </lines>
            </method>
          </methods>
          <lines>
            <line number="150" hits="174" branch="False" />
            <line number="151" hits="174" branch="True" condition-coverage="100% (2/2)">
              <conditions>
                <condition number="2" type="jump" coverage="100%" />
              </conditions>
            </line>
            <line number="153" hits="174" branch="True" condition-coverage="50% (1/2)">
              <conditions>
                <condition number="12" type="jump" coverage="50%" />
              </conditions>
            </line>
            <line number="155" hits="174" branch="True" condition-coverage="50% (1/2)">
              <conditions>
                <condition number="66" type="jump" coverage="50%" />
              </conditions>
            </line>
            <line number="156" hits="174" branch="False" />
            <line number="157" hits="174" branch="True" condition-coverage="100% (2/2)">
              <conditions>
                <condition number="81" type="jump" coverage="100%" />
              </conditions>
            </line>
            <line number="158" hits="174" branch="False" />
            <line number="160" hits="174" branch="True" condition-coverage="100% (2/2)">
              <conditions>
                <condition number="121" type="jump" coverage="100%" />
              </conditions>
            </line>
            <line number="161" hits="2" branch="False" />
            <line number="162" hits="2" branch="True" condition-coverage="100% (2/2)">
              <conditions>
                <condition number="131" type="jump" coverage="100%" />
              </conditions>
            </line>
            <line number="164" hits="2" branch="False" />
            <line number="165" hits="2" branch="False" />
            <line number="166" hits="2" branch="False" />
            <line number="168" hits="174" branch="True" condition-coverage="50% (1/2)">
              <conditions>
                <condition number="207" type="jump" coverage="50%" />
              </conditions>
            </line>
            <line number="169" hits="174" branch="False" />
            <line number="171" hits="174" branch="False" />
            <line number="174" hits="174" branch="False" />
            <line number="175" hits="174" branch="False" />
            <line number="176" hits="0" branch="False" />
            <line number="177" hits="0" branch="False" />
            <line number="180" hits="0" branch="False" />
            <line number="181" hits="0" branch="False" />
            <line number="182" hits="174" branch="False" />
            <line number="184" hits="174" branch="False" />
            <line number="185" hits="174" branch="False" />
            <line number="26" hits="1" branch="False" />
            <line number="28" hits="1" branch="False" />
          </lines>
        </class>
        <class name="Supabase.Postgrest.Helpers/&lt;MakeRequest&gt;d__2`1" filename="Helpers.cs" line-rate="1" branch-rate="1" complexity="1">
          <methods>
            <method name="MoveNext" signature="()" line-rate="1" branch-rate="1" complexity="1">
              <lines>
                <line number="46" hits="166" branch="False" />
                <line number="47" hits="166" branch="False" />
                <line number="48" hits="161" branch="False" />
                <line number="49" hits="161" branch="False" />
              </lines>
            </method>
          </methods>
          <lines>
            <line number="46" hits="166" branch="False" />
            <line number="47" hits="166" branch="False" />
            <line number="48" hits="161" branch="False" />
            <line number="49" hits="161" branch="False" />
          </lines>
        </class>
        <class name="Supabase.Postgrest.Helpers/&lt;MakeRequest&gt;d__3" filename="Helpers.cs" line-rate="0.9823999999999999" branch-rate="0.8181" complexity="22">
          <methods>
            <method name="MoveNext" signature="()" line-rate="0.9823999999999999" branch-rate="0.8181" complexity="22">
              <lines>
                <line number="65" hits="173" branch="False" />
                <line number="66" hits="173" branch="False" />
                <line number="67" hits="173" branch="False" />
                <line number="69" hits="173" branch="True" condition-coverage="75% (3/4)">
                  <conditions>
                    <condition number="64" type="jump" coverage="50%" />
                    <condition number="87" type="jump" coverage="100%" />
                  </conditions>
                </line>
                <line number="70" hits="120" branch="False" />
                <line number="72" hits="120" branch="True" condition-coverage="100% (2/2)">
                  <conditions>
                    <condition number="121" type="jump" coverage="100%" />
                  </conditions>
                </line>
                <line number="73" hits="120" branch="False" />
                <line number="74" hits="360" branch="True" condition-coverage="50% (1/2)">
                  <conditions>
                    <condition number="206" type="jump" coverage="50%" />
                  </conditions>
                </line>
                <line number="75" hits="0" branch="False" />
                <line number="76" hits="120" branch="False" />
                <line number="77" hits="120" branch="False" />
                <line number="79" hits="173" branch="False" />
                <line number="81" hits="173" branch="False" />
                <line number="83" hits="173" branch="True" condition-coverage="75% (3/4)">
                  <conditions>
                    <condition number="311" type="jump" coverage="50%" />
                    <condition number="336" type="jump" coverage="100%" />
                  </conditions>
                </line>
                <line number="84" hits="53" branch="False" />
                <line number="85" hits="53" branch="False" />
                <line number="87" hits="53" branch="True" condition-coverage="75% (3/4)">
                  <conditions>
                    <condition number="373" type="jump" coverage="50%" />
                    <condition number="398" type="jump" coverage="100%" />
                  </conditions>
                </line>
                <line number="88" hits="42" branch="False" />
                <line number="89" hits="42" branch="False" />
                <line number="90" hits="42" branch="False" />
                <line number="91" hits="53" branch="False" />
                <line number="93" hits="173" branch="True" condition-coverage="100% (2/2)">
                  <conditions>
                    <condition number="456" type="jump" coverage="100%" />
                  </conditions>
                </line>
                <line number="94" hits="173" branch="False" />
                <line number="95" hits="1583" branch="True" condition-coverage="100% (2/2)">
                  <conditions>
                    <condition number="548" type="jump" coverage="100%" />
                  </conditions>
                </line>
                <line number="96" hits="532" branch="False" />
                <line number="97" hits="532" branch="False" />
                <line number="98" hits="532" branch="False" />
                <line number="99" hits="173" branch="False" />
                <line number="101" hits="173" branch="False" />
                <line number="102" hits="173" branch="False" />
                <line number="103" hits="173" branch="False" />
                <line number="104" hits="173" branch="False" />
                <line number="107" hits="173" branch="False" />
                <line number="108" hits="173" branch="False" />
                <line number="109" hits="172" branch="False" />
                <line number="110" hits="172" branch="False" />
                <line number="112" hits="172" branch="False" />
                <line number="114" hits="172" branch="True" condition-coverage="100% (2/2)">
                  <conditions>
                    <condition number="1022" type="jump" coverage="100%" />
                  </conditions>
                </line>
                <line number="115" hits="168" branch="False" />
                <line number="117" hits="4" branch="False" />
                <line number="118" hits="4" branch="False" />
                <line number="119" hits="4" branch="False" />
                <line number="120" hits="4" branch="False" />
                <line number="121" hits="4" branch="False" />
                <line number="122" hits="4" branch="False" />
                <line number="123" hits="4" branch="False" />
                <line number="124" hits="4" branch="False" />
                <line number="125" hits="4" branch="False" />
                <line number="127" hits="5" branch="False" />
                <line number="128" hits="1" branch="False" />
                <line number="130" hits="1" branch="False" />
                <line number="131" hits="1" branch="False" />
                <line number="132" hits="1" branch="False" />
                <line number="135" hits="173" branch="False" />
                <line number="136" hits="173" branch="False" />
                <line number="137" hits="173" branch="False" />
                <line number="138" hits="168" branch="False" />
              </lines>
            </method>
          </methods>
          <lines>
            <line number="65" hits="173" branch="False" />
            <line number="66" hits="173" branch="False" />
            <line number="67" hits="173" branch="False" />
            <line number="69" hits="173" branch="True" condition-coverage="75% (3/4)">
              <conditions>
                <condition number="64" type="jump" coverage="50%" />
                <condition number="87" type="jump" coverage="100%" />
              </conditions>
            </line>
            <line number="70" hits="120" branch="False" />
            <line number="72" hits="120" branch="True" condition-coverage="100% (2/2)">
              <conditions>
                <condition number="121" type="jump" coverage="100%" />
              </conditions>
            </line>
            <line number="73" hits="120" branch="False" />
            <line number="74" hits="360" branch="True" condition-coverage="50% (1/2)">
              <conditions>
                <condition number="206" type="jump" coverage="50%" />
              </conditions>
            </line>
            <line number="75" hits="0" branch="False" />
            <line number="76" hits="120" branch="False" />
            <line number="77" hits="120" branch="False" />
            <line number="79" hits="173" branch="False" />
            <line number="81" hits="173" branch="False" />
            <line number="83" hits="173" branch="True" condition-coverage="75% (3/4)">
              <conditions>
                <condition number="311" type="jump" coverage="50%" />
                <condition number="336" type="jump" coverage="100%" />
              </conditions>
            </line>
            <line number="84" hits="53" branch="False" />
            <line number="85" hits="53" branch="False" />
            <line number="87" hits="53" branch="True" condition-coverage="75% (3/4)">
              <conditions>
                <condition number="373" type="jump" coverage="50%" />
                <condition number="398" type="jump" coverage="100%" />
              </conditions>
            </line>
            <line number="88" hits="42" branch="False" />
            <line number="89" hits="42" branch="False" />
            <line number="90" hits="42" branch="False" />
            <line number="91" hits="53" branch="False" />
            <line number="93" hits="173" branch="True" condition-coverage="100% (2/2)">
              <conditions>
                <condition number="456" type="jump" coverage="100%" />
              </conditions>
            </line>
            <line number="94" hits="173" branch="False" />
            <line number="95" hits="1583" branch="True" condition-coverage="100% (2/2)">
              <conditions>
                <condition number="548" type="jump" coverage="100%" />
              </conditions>
            </line>
            <line number="96" hits="532" branch="False" />
            <line number="97" hits="532" branch="False" />
            <line number="98" hits="532" branch="False" />
            <line number="99" hits="173" branch="False" />
            <line number="101" hits="173" branch="False" />
            <line number="102" hits="173" branch="False" />
            <line number="103" hits="173" branch="False" />
            <line number="104" hits="173" branch="False" />
            <line number="107" hits="173" branch="False" />
            <line number="108" hits="173" branch="False" />
            <line number="109" hits="172" branch="False" />
            <line number="110" hits="172" branch="False" />
            <line number="112" hits="172" branch="False" />
            <line number="114" hits="172" branch="True" condition-coverage="100% (2/2)">
              <conditions>
                <condition number="1022" type="jump" coverage="100%" />
              </conditions>
            </line>
            <line number="115" hits="168" branch="False" />
            <line number="117" hits="4" branch="False" />
            <line number="118" hits="4" branch="False" />
            <line number="119" hits="4" branch="False" />
            <line number="120" hits="4" branch="False" />
            <line number="121" hits="4" branch="False" />
            <line number="122" hits="4" branch="False" />
            <line number="123" hits="4" branch="False" />
            <line number="124" hits="4" branch="False" />
            <line number="125" hits="4" branch="False" />
            <line number="127" hits="5" branch="False" />
            <line number="128" hits="1" branch="False" />
            <line number="130" hits="1" branch="False" />
            <line number="131" hits="1" branch="False" />
            <line number="132" hits="1" branch="False" />
            <line number="135" hits="173" branch="False" />
            <line number="136" hits="173" branch="False" />
            <line number="137" hits="173" branch="False" />
            <line number="138" hits="168" branch="False" />
          </lines>
        </class>
        <class name="Supabase.Postgrest.Hooks" filename="Hooks.cs" line-rate="0.8461" branch-rate="0.625" complexity="11">
          <methods>
            <method name="get__instance" signature="()" line-rate="1" branch-rate="1" complexity="1">
              <lines>
                <line number="21" hits="349" branch="False" />
              </lines>
            </method>
            <method name="get_Instance" signature="()" line-rate="1" branch-rate="1" complexity="2">
              <lines>
                <line number="29" hits="174" branch="False" />
                <line number="30" hits="174" branch="True" condition-coverage="100% (2/2)">
                  <conditions>
                    <condition number="6" type="jump" coverage="100%" />
                  </conditions>
                </line>
                <line number="31" hits="174" branch="False" />
                <line number="32" hits="174" branch="False" />
              </lines>
            </method>
            <method name="AddRequestPreparedHandler" signature="(Supabase.Postgrest.OnRequestPreparedEventHandler)" line-rate="1" branch-rate="0.5" complexity="2">
              <lines>
                <line number="47" hits="2" branch="False" />
                <line number="48" hits="2" branch="True" condition-coverage="50% (1/2)">
                  <conditions>
                    <condition number="18" type="jump" coverage="50%" />
                  </conditions>
                </line>
                <line number="49" hits="2" branch="False" />
                <line number="50" hits="2" branch="False" />
              </lines>
            </method>
            <method name="RemoveRequestPreparedHandler" signature="(Supabase.Postgrest.OnRequestPreparedEventHandler)" line-rate="0" branch-rate="0" complexity="2">
              <lines>
                <line number="57" hits="0" branch="False" />
                <line number="58" hits="0" branch="True" condition-coverage="0% (0/2)">
                  <conditions>
                    <condition number="15" type="jump" coverage="0%" />
                  </conditions>
                </line>
                <line number="59" hits="0" branch="False" />
                <line number="60" hits="0" branch="False" />
              </lines>
            </method>
            <method name="ClearRequestPreparedHandlers" signature="()" line-rate="1" branch-rate="1" complexity="1">
              <lines>
                <line number="66" hits="1" branch="False" />
                <line number="67" hits="1" branch="False" />
                <line number="68" hits="1" branch="False" />
              </lines>
            </method>
            <method name="NotifyOnRequestPreparedHandlers" signature="(System.Object,Supabase.Postgrest.ClientOptions,System.Net.Http.HttpMethod,System.String,Newtonsoft.Json.JsonSerializerSettings,System.Object,System.Collections.Generic.Dictionary`2&lt;System.String,System.String&gt;)" line-rate="1" branch-rate="1" complexity="2">
              <lines>
                <line number="84" hits="171" branch="False" />
                <line number="85" hits="171" branch="False" />
                <line number="87" hits="647" branch="True" condition-coverage="100% (2/2)">
                  <conditions>
                    <condition number="85" type="jump" coverage="100%" />
                  </conditions>
                </line>
                <line number="88" hits="67" branch="False" />
                <line number="89" hits="171" branch="False" />
              </lines>
            </method>
            <method name=".ctor" signature="()" line-rate="1" branch-rate="1" complexity="1">
              <lines>
                <line number="35" hits="1" branch="False" />
                <line number="36" hits="1" branch="False" />
                <line number="38" hits="1" branch="False" />
                <line number="39" hits="1" branch="False" />
                <line number="40" hits="1" branch="False" />
              </lines>
            </method>
          </methods>
          <lines>
            <line number="21" hits="349" branch="False" />
            <line number="29" hits="174" branch="False" />
            <line number="30" hits="174" branch="True" condition-coverage="100% (2/2)">
              <conditions>
                <condition number="6" type="jump" coverage="100%" />
              </conditions>
            </line>
            <line number="31" hits="174" branch="False" />
            <line number="32" hits="174" branch="False" />
            <line number="47" hits="2" branch="False" />
            <line number="48" hits="2" branch="True" condition-coverage="50% (1/2)">
              <conditions>
                <condition number="18" type="jump" coverage="50%" />
              </conditions>
            </line>
            <line number="49" hits="2" branch="False" />
            <line number="50" hits="2" branch="False" />
            <line number="57" hits="0" branch="False" />
            <line number="58" hits="0" branch="True" condition-coverage="0% (0/2)">
              <conditions>
                <condition number="15" type="jump" coverage="0%" />
              </conditions>
            </line>
            <line number="59" hits="0" branch="False" />
            <line number="60" hits="0" branch="False" />
            <line number="66" hits="1" branch="False" />
            <line number="67" hits="1" branch="False" />
            <line number="68" hits="1" branch="False" />
            <line number="84" hits="171" branch="False" />
            <line number="85" hits="171" branch="False" />
            <line number="87" hits="647" branch="True" condition-coverage="100% (2/2)">
              <conditions>
                <condition number="85" type="jump" coverage="100%" />
              </conditions>
            </line>
            <line number="88" hits="67" branch="False" />
            <line number="89" hits="171" branch="False" />
            <line number="35" hits="1" branch="False" />
            <line number="36" hits="1" branch="False" />
            <line number="38" hits="1" branch="False" />
            <line number="39" hits="1" branch="False" />
            <line number="40" hits="1" branch="False" />
          </lines>
        </class>
        <class name="Supabase.Postgrest.PostgrestContractResolver" filename="PostgrestContractResolver.cs" line-rate="0.95" branch-rate="0.88" complexity="54">
          <methods>
            <method name="get_IsUpdate" signature="()" line-rate="1" branch-rate="1" complexity="1">
              <lines>
                <line number="18" hits="1631" branch="False" />
              </lines>
            </method>
            <method name="get_IsInsert" signature="()" line-rate="1" branch-rate="1" complexity="1">
              <lines>
                <line number="19" hits="1638" branch="False" />
              </lines>
            </method>
            <method name="get_IsUpsert" signature="()" line-rate="1" branch-rate="1" complexity="1">
              <lines>
                <line number="20" hits="2985" branch="False" />
              </lines>
            </method>
            <method name="SetState" signature="(System.Boolean,System.Boolean,System.Boolean)" line-rate="1" branch-rate="1" complexity="1">
              <lines>
                <line number="29" hits="80" branch="False" />
                <line number="30" hits="80" branch="False" />
                <line number="31" hits="80" branch="False" />
                <line number="32" hits="80" branch="False" />
                <line number="33" hits="80" branch="False" />
              </lines>
            </method>
            <method name="CreateProperty" signature="(System.Reflection.MemberInfo,Newtonsoft.Json.MemberSerialization)" line-rate="0.9423" branch-rate="0.88" complexity="50">
              <lines>
                <line number="37" hits="2901" branch="False" />
                <line number="38" hits="2901" branch="False" />
                <line number="41" hits="2901" branch="True" condition-coverage="100% (2/2)">
                  <conditions>
                    <condition number="48" type="jump" coverage="100%" />
                  </conditions>
                </line>
                <line number="42" hits="116" branch="False" />
                <line number="43" hits="116" branch="False" />
                <line number="44" hits="116" branch="False" />
                <line number="45" hits="2785" branch="True" condition-coverage="83.33% (5/6)">
                  <conditions>
                    <condition number="81" type="jump" coverage="50%" />
                    <condition number="104" type="jump" coverage="100%" />
                    <condition number="142" type="jump" coverage="100%" />
                  </conditions>
                </line>
                <line number="46" hits="2785" branch="False" />
                <line number="47" hits="368" branch="False" />
                <line number="48" hits="368" branch="False" />
                <line number="49" hits="368" branch="False" />
                <line number="50" hits="2417" branch="True" condition-coverage="100% (2/2)">
                  <conditions>
                    <condition number="188" type="jump" coverage="100%" />
                  </conditions>
                </line>
                <line number="51" hits="116" branch="False" />
                <line number="52" hits="116" branch="False" />
                <line number="53" hits="116" branch="False" />
                <line number="54" hits="2301" branch="True" condition-coverage="83.33% (5/6)">
                  <conditions>
                    <condition number="218" type="jump" coverage="50%" />
                    <condition number="241" type="jump" coverage="100%" />
                    <condition number="279" type="jump" coverage="100%" />
                  </conditions>
                </line>
                <line number="55" hits="2301" branch="False" />
                <line number="56" hits="2301" branch="False" />
                <line number="57" hits="27" branch="False" />
                <line number="58" hits="27" branch="False" />
                <line number="59" hits="27" branch="False" />
                <line number="62" hits="2901" branch="True" condition-coverage="100% (2/2)">
                  <conditions>
                    <condition number="313" type="jump" coverage="100%" />
                  </conditions>
                </line>
                <line number="63" hits="214" branch="False" />
                <line number="64" hits="214" branch="False" />
                <line number="67" hits="2687" branch="False" />
                <line number="69" hits="2687" branch="True" condition-coverage="100% (2/2)">
                  <conditions>
                    <condition number="339" type="jump" coverage="100%" />
                  </conditions>
                </line>
                <line number="70" hits="1441" branch="False" />
                <line number="71" hits="1441" branch="False" />
                <line number="72" hits="1441" branch="False" />
                <line number="74" hits="1441" branch="True" condition-coverage="75% (3/4)">
                  <conditions>
                    <condition number="382" type="jump" coverage="100%" />
                    <condition number="397" type="jump" coverage="50%" />
                  </conditions>
                </line>
                <line number="75" hits="0" branch="False" />
                <line number="77" hits="1441" branch="True" condition-coverage="75% (3/4)">
                  <conditions>
                    <condition number="413" type="jump" coverage="100%" />
                    <condition number="428" type="jump" coverage="50%" />
                  </conditions>
                </line>
                <line number="78" hits="0" branch="False" />
                <line number="80" hits="1441" branch="True" condition-coverage="75% (6/8)">
                  <conditions>
                    <condition number="444" type="jump" coverage="100%" />
                    <condition number="452" type="jump" coverage="50%" />
                    <condition number="460" type="jump" coverage="100%" />
                    <condition number="478" type="jump" coverage="50%" />
                  </conditions>
                </line>
                <line number="81" hits="0" branch="False" />
                <line number="83" hits="1441" branch="False" />
                <line number="86" hits="1246" branch="False" />
                <line number="88" hits="1246" branch="True" condition-coverage="100% (2/2)">
                  <conditions>
                    <condition number="511" type="jump" coverage="100%" />
                  </conditions>
                </line>
                <line number="89" hits="117" branch="False" />
                <line number="91" hits="117" branch="True" condition-coverage="100% (2/2)">
                  <conditions>
                    <condition number="526" type="jump" coverage="100%" />
                  </conditions>
                </line>
                <line number="92" hits="117" branch="False" />
                <line number="93" hits="117" branch="False" />
                <line number="95" hits="117" branch="True" condition-coverage="100% (4/4)">
                  <conditions>
                    <condition number="554" type="jump" coverage="100%" />
                    <condition number="569" type="jump" coverage="100%" />
                  </conditions>
                </line>
                <line number="96" hits="12" branch="False" />
                <line number="98" hits="117" branch="False" />
                <line number="101" hits="1129" branch="False" />
                <line number="102" hits="1129" branch="True" condition-coverage="100% (2/2)">
                  <conditions>
                    <condition number="609" type="jump" coverage="100%" />
                  </conditions>
                </line>
                <line number="103" hits="904" branch="False" />
                <line number="105" hits="225" branch="False" />
                <line number="106" hits="267" branch="True" condition-coverage="100% (4/4)">
                  <conditions>
                    <condition number="11" type="jump" coverage="100%" />
                    <condition number="24" type="jump" coverage="100%" />
                  </conditions>
                </line>
                <line number="107" hits="225" branch="False" />
                <line number="108" hits="2901" branch="False" />
              </lines>
            </method>
          </methods>
          <lines>
            <line number="18" hits="1631" branch="False" />
            <line number="19" hits="1638" branch="False" />
            <line number="20" hits="2985" branch="False" />
            <line number="29" hits="80" branch="False" />
            <line number="30" hits="80" branch="False" />
            <line number="31" hits="80" branch="False" />
            <line number="32" hits="80" branch="False" />
            <line number="33" hits="80" branch="False" />
            <line number="37" hits="2901" branch="False" />
            <line number="38" hits="2901" branch="False" />
            <line number="41" hits="2901" branch="True" condition-coverage="100% (2/2)">
              <conditions>
                <condition number="48" type="jump" coverage="100%" />
              </conditions>
            </line>
            <line number="42" hits="116" branch="False" />
            <line number="43" hits="116" branch="False" />
            <line number="44" hits="116" branch="False" />
            <line number="45" hits="2785" branch="True" condition-coverage="83.33% (5/6)">
              <conditions>
[...]
              </lines>
            </method>
            <method name="get_ForeignKey" signature="()" line-rate="1" branch-rate="1" complexity="1">
              <lines>
                <line number="48" hits="1070" branch="False" />
              </lines>
            </method>
            <method name="get_TableName" signature="()" line-rate="1" branch-rate="1" complexity="1">
              <lines>
                <line number="53" hits="1562" branch="False" />
              </lines>
            </method>
            <method name="get_Columns" signature="()" line-rate="1" branch-rate="1" complexity="1">
              <lines>
                <line number="58" hits="1858" branch="False" />
              </lines>
            </method>
            <method name="get_IgnoreOnInsert" signature="()" line-rate="1" branch-rate="1" complexity="1">
              <lines>
                <line number="63" hits="773" branch="False" />
              </lines>
            </method>
            <method name="get_IgnoreOnUpdate" signature="()" line-rate="1" branch-rate="1" complexity="1">
              <lines>
                <line number="68" hits="772" branch="False" />
              </lines>
            </method>
            <method name="get_IncludeInQuery" signature="()" line-rate="1" branch-rate="1" complexity="1">
              <lines>
                <line number="73" hits="330" branch="False" />
              </lines>
            </method>
            <method name="get_UseInnerJoin" signature="()" line-rate="1" branch-rate="1" complexity="1">
              <lines>
                <line number="80" hits="183" branch="False" />
              </lines>
            </method>
            <method name="ParseProperties" signature="(System.Collections.Generic.List`1&lt;Supabase.Postgrest.Attributes.ReferenceAttribute&gt;)" line-rate="1" branch-rate="0.5" complexity="2">
              <lines>
                <line number="123" hits="202" branch="False" />
                <line number="124" hits="202" branch="True" condition-coverage="50% (1/2)">
                  <conditions>
                    <condition number="2" type="jump" coverage="50%" />
                  </conditions>
                </line>
                <line number="126" hits="202" branch="False" />
                <line number="127" hits="202" branch="False" />
                <line number="128" hits="202" branch="False" />
              </lines>
            </method>
            <method name="ParseColumns" signature="(System.Collections.Generic.List`1&lt;Supabase.Postgrest.Attributes.ReferenceAttribute&gt;&amp;)" line-rate="1" branch-rate="1" complexity="8">
              <lines>
                <line number="131" hits="202" branch="False" />
                <line number="132" hits="4336" branch="True" condition-coverage="100% (2/2)">
                  <conditions>
                    <condition number="157" type="jump" coverage="100%" />
                  </conditions>
                </line>
                <line number="133" hits="1865" branch="False" />
                <line number="134" hits="1865" branch="False" />
                <line number="136" hits="10725" branch="True" condition-coverage="100% (2/2)">
                  <conditions>
                    <condition number="146" type="jump" coverage="100%" />
                  </conditions>
                </line>
                <line number="137" hits="2565" branch="False" />
                <line number="138" hits="2565" branch="True" condition-coverage="100% (4/4)">
                  <conditions>
                    <condition number="70" type="jump" coverage="100%" />
                    <condition number="83" type="jump" coverage="100%" />
                  </conditions>
                </line>
                <line number="141" hits="556" branch="False" />
                <line number="142" hits="556" branch="False" />
                <line number="144" hits="202" branch="False" />
                <line number="145" hits="202" branch="False" />
                <line number="147" hits="2565" branch="False" />
                <line number="148" hits="1865" branch="False" />
                <line number="149" hits="202" branch="False" />
              </lines>
            </method>
            <method name="Equals" signature="(System.Object)" line-rate="0.8571" branch-rate="0.8332999999999999" complexity="6">
              <lines>
                <line number="153" hits="635" branch="False" />
                <line number="154" hits="635" branch="True" condition-coverage="50% (1/2)">
                  <conditions>
                    <condition number="14" type="jump" coverage="50%" />
                  </conditions>
                </line>
                <line number="155" hits="635" branch="False" />
                <line number="156" hits="635" branch="True" condition-coverage="100% (4/4)">
                  <conditions>
                    <condition number="34" type="jump" coverage="100%" />
                    <condition number="53" type="jump" coverage="100%" />
                  </conditions>
                </line>
                <line number="157" hits="635" branch="False" />
                <line number="160" hits="0" branch="False" />
                <line number="161" hits="635" branch="False" />
              </lines>
            </method>
            <method name="ParseRelationships" signature="(System.Collections.Generic.List`1&lt;Supabase.Postgrest.Attributes.ReferenceAttribute&gt;)" line-rate="1" branch-rate="0.9375" complexity="16">
              <lines>
                <line number="169" hits="202" branch="False" />
                <line number="170" hits="4336" branch="True" condition-coverage="100% (2/2)">
                  <conditions>
                    <condition number="581" type="jump" coverage="100%" />
                  </conditions>
                </line>
                <line number="171" hits="1865" branch="False" />
                <line number="172" hits="1865" branch="False" />
                <line number="174" hits="10725" branch="True" condition-coverage="100% (2/2)">
                  <conditions>
                    <condition number="567" type="jump" coverage="100%" />
                  </conditions>
                </line>
                <line number="175" hits="2565" branch="False" />
                <line number="176" hits="4831" branch="True" condition-coverage="100% (4/4)">
                  <conditions>
                    <condition number="82" type="jump" coverage="100%" />
                    <condition number="106" type="jump" coverage="100%" />
                  </conditions>
                </line>
                <line number="178" hits="1082" branch="True" condition-coverage="100% (2/2)">
                  <conditions>
                    <condition number="139" type="jump" coverage="100%" />
                  </conditions>
                </line>
                <line number="180" hits="151" branch="False" />
                <line number="181" hits="151" branch="False" />
                <line number="183" hits="151" branch="True" condition-coverage="100% (2/2)">
                  <conditions>
                    <condition number="198" type="jump" coverage="100%" />
                  </conditions>
                </line>
                <line number="184" hits="2" branch="False" />
                <line number="185" hits="2" branch="True" condition-coverage="50% (1/2)">
                  <conditions>
                    <condition number="216" type="jump" coverage="50%" />
                  </conditions>
                </line>
                <line number="186" hits="2" branch="False" />
                <line number="187" hits="2" branch="False" />
                <line number="188" hits="2" branch="False" />
                <line number="190" hits="149" branch="False" />
                <line number="191" hits="149" branch="True" condition-coverage="100% (2/2)">
                  <conditions>
                    <condition number="435" type="jump" coverage="100%" />
                  </conditions>
                </line>
                <line number="192" hits="149" branch="False" />
                <line number="193" hits="149" branch="False" />
                <line number="194" hits="149" branch="False" />
                <line number="195" hits="151" branch="False" />
                <line number="196" hits="1865" branch="False" />
                <line number="197" hits="202" branch="False" />
              </lines>
            </method>
            <method name="IsDerivedFromBaseModel" signature="(System.Type)" line-rate="1" branch-rate="1" complexity="1">
              <lines>
                <line number="200" hits="2298" branch="False" />
              </lines>
            </method>
            <method name=".ctor" signature="(System.Type,Supabase.Postgrest.Attributes.ReferenceAttribute/JoinType,System.Boolean,System.String,System.String)" line-rate="1" branch-rate="1" complexity="1">
              <lines>
                <line number="91" hits="176" branch="False" />
                <line number="92" hits="176" branch="False" />
                <line number="93" hits="176" branch="False" />
                <line number="94" hits="176" branch="False" />
              </lines>
            </method>
            <method name=".ctor" signature="(System.Type,System.Boolean,System.Boolean,System.String,System.String)" line-rate="0.875" branch-rate="0.5" complexity="4">
              <lines>
                <line number="103" hits="766" branch="False" />
                <line number="104" hits="766" branch="False" />
                <line number="105" hits="766" branch="False" />
                <line number="106" hits="766" branch="True" condition-coverage="50% (1/2)">
                  <conditions>
                    <condition number="30" type="jump" coverage="50%" />
                  </conditions>
                </line>
                <line number="107" hits="0" branch="False" />
                <line number="108" hits="0" branch="False" />
                <line number="110" hits="766" branch="False" />
                <line number="111" hits="766" branch="False" />
                <line number="112" hits="766" branch="False" />
                <line number="113" hits="766" branch="False" />
                <line number="114" hits="766" branch="False" />
                <line number="115" hits="766" branch="False" />
                <line number="116" hits="766" branch="False" />
                <line number="118" hits="766" branch="False" />
                <line number="119" hits="766" branch="True" condition-coverage="50% (1/2)">
                  <conditions>
                    <condition number="132" type="jump" coverage="50%" />
                  </conditions>
                </line>
                <line number="120" hits="766" branch="False" />
              </lines>
            </method>
          </methods>
          <lines>
            <line number="38" hits="700" branch="False" />
            <line number="43" hits="1192" branch="False" />
            <line number="48" hits="1070" branch="False" />
            <line number="53" hits="1562" branch="False" />
            <line number="58" hits="1858" branch="False" />
            <line number="63" hits="773" branch="False" />
            <line number="68" hits="772" branch="False" />
            <line number="73" hits="330" branch="False" />
            <line number="80" hits="183" branch="False" />
            <line number="123" hits="202" branch="False" />
            <line number="124" hits="202" branch="True" condition-coverage="50% (1/2)">
              <conditions>
                <condition number="2" type="jump" coverage="50%" />
              </conditions>
            </line>
            <line number="126" hits="202" branch="False" />
            <line number="127" hits="202" branch="False" />
            <line number="128" hits="202" branch="False" />
            <line number="131" hits="202" branch="False" />
            <line number="132" hits="4336" branch="True" condition-coverage="100% (2/2)">
              <conditions>
                <condition number="157" type="jump" coverage="100%" />
              </conditions>
            </line>
            <line number="133" hits="1865" branch="False" />
            <line number="134" hits="1865" branch="False" />
            <line number="136" hits="10725" branch="True" condition-coverage="100% (2/2)">
              <conditions>
                <condition number="146" type="jump" coverage="100%" />
              </conditions>
            </line>
            <line number="137" hits="2565" branch="False" />
            <line number="138" hits="2565" branch="True" condition-coverage="100% (4/4)">
              <conditions>
                <condition number="70" type="jump" coverage="100%" />
                <condition number="83" type="jump" coverage="100%" />
              </conditions>
            </line>
            <line number="141" hits="556" branch="False" />
            <line number="142" hits="556" branch="False" />
            <line number="144" hits="202" branch="False" />
            <line number="145" hits="202" branch="False" />
            <line number="147" hits="2565" branch="False" />
            <line number="148" hits="1865" branch="False" />
            <line number="149" hits="202" branch="False" />
            <line number="153" hits="635" branch="False" />
            <line number="154" hits="635" branch="True" condition-coverage="50% (1/2)">
              <conditions>
                <condition number="14" type="jump" coverage="50%" />
              </conditions>
            </line>
            <line number="155" hits="635" branch="False" />
            <line number="156" hits="635" branch="True" condition-coverage="100% (4/4)">
              <conditions>
                <condition number="34" type="jump" coverage="100%" />
                <condition number="53" type="jump" coverage="100%" />
              </conditions>
            </line>
            <line number="157" hits="635" branch="False" />
            <line number="160" hits="0" branch="False" />
            <line number="161" hits="635" branch="False" />
            <line number="169" hits="202" branch="False" />
            <line number="170" hits="4336" branch="True" condition-coverage="100% (2/2)">
              <conditions>
                <condition number="581" type="jump" coverage="100%" />
              </conditions>
            </line>
            <line number="171" hits="1865" branch="False" />
            <line number="172" hits="1865" branch="False" />
            <line number="174" hits="10725" branch="True" condition-coverage="100% (2/2)">
              <conditions>
                <condition number="567" type="jump" coverage="100%" />
              </conditions>
            </line>
            <line number="175" hits="2565" branch="False" />
            <line number="176" hits="4831" branch="True" condition-coverage="100% (4/4)">
              <conditions>
                <condition number="82" type="jump" coverage="100%" />
                <condition number="106" type="jump" coverage="100%" />
              </conditions>
            </line>
            <line number="178" hits="1082" branch="True" condition-coverage="100% (2/2)">
              <conditions>
                <condition number="139" type="jump" coverage="100%" />
              </conditions>
            </line>
            <line number="180" hits="151" branch="False" />
            <line number="181" hits="151" branch="False" />
            <line number="183" hits="151" branch="True" condition-coverage="100% (2/2)">
              <conditions>
                <condition number="198" type="jump" coverage="100%" />
              </conditions>
            </line>
            <line number="184" hits="2" branch="False" />
            <line number="185" hits="2" branch="True" condition-coverage="50% (1/2)">
              <conditions>
                <condition number="216" type="jump" coverage="50%" />
              </conditions>
            </line>
            <line number="186" hits="2" branch="False" />
            <line number="187" hits="2" branch="False" />
            <line number="188" hits="2" branch="False" />
            <line number="190" hits="149" branch="False" />
            <line number="191" hits="149" branch="True" condition-coverage="100% (2/2)">
              <conditions>
                <condition number="435" type="jump" coverage="100%" />
              </conditions>
            </line>
            <line number="192" hits="149" branch="False" />
            <line number="193" hits="149" branch="False" />
            <line number="194" hits="149" branch="False" />
            <line number="195" hits="151" branch="False" />
            <line number="196" hits="1865" branch="False" />
            <line number="197" hits="202" branch="False" />
            <line number="200" hits="2298" branch="False" />
            <line number="91" hits="176" branch="False" />
            <line number="92" hits="176" branch="False" />
            <line number="93" hits="176" branch="False" />
            <line number="94" hits="176" branch="False" />
            <line number="103" hits="766" branch="False" />
            <line number="104" hits="766" branch="False" />
            <line number="105" hits="766" branch="False" />
            <line number="106" hits="766" branch="True" condition-coverage="50% (1/2)">
              <conditions>
                <condition number="30" type="jump" coverage="50%" />
              </conditions>
            </line>
            <line number="107" hits="0" branch="False" />
            <line number="108" hits="0" branch="False" />
            <line number="110" hits="766" branch="False" />
            <line number="111" hits="766" branch="False" />
            <line number="112" hits="766" branch="False" />
            <line number="113" hits="766" branch="False" />
            <line number="114" hits="766" branch="False" />
            <line number="115" hits="766" branch="False" />
            <line number="116" hits="766" branch="False" />
            <line number="118" hits="766" branch="False" />
            <line number="119" hits="766" branch="True" condition-coverage="50% (1/2)">
              <conditions>
                <condition number="132" type="jump" coverage="50%" />
              </conditions>
            </line>
            <line number="120" hits="766" branch="False" />
          </lines>
        </class>
        <class name="Supabase.Postgrest.Attributes.TableAttribute" filename="Attributes/TableAttribute.cs" line-rate="1" branch-rate="1" complexity="2">
          <methods>
            <method name="get_Name" signature="()" line-rate="1" branch-rate="1" complexity="1">
              <lines>
                <line number="21" hits="4117" branch="False" />
              </lines>
            </method>
            <method name=".ctor" signature="(System.String)" line-rate="1" branch-rate="1" complexity="1">
              <lines>
                <line number="23" hits="2197" branch="False" />
                <line number="24" hits="2197" branch="False" />
                <line number="25" hits="2197" branch="False" />
                <line number="26" hits="2197" branch="False" />
              </lines>
            </method>
          </methods>
          <lines>
            <line number="21" hits="4117" branch="False" />
            <line number="23" hits="2197" branch="False" />
            <line number="24" hits="2197" branch="False" />
            <line number="25" hits="2197" branch="False" />
            <line number="26" hits="2197" branch="False" />
          </lines>
        </class>
      </classes>
    </package>
  </packages>
</coverage>